<?xml version="1.0" encoding="UTF-8"?>
<!-- Generated by org.testng.reporters.JUnitXMLReporter -->
<testsuite ignored="0" hostname="Sureshs-MacBook-Air.local" failures="0" tests="2" name="Default test" time="3.956" errors="0" timestamp="2023-11-18T12:51:56 IST">
  <testcase classname="com.suresh.restfulbooker.GetBookingIDsTest" name="getBookingIDsWithFilterTest" time="1.831"/>
  <testcase classname="com.suresh.restfulbooker.GetBookingIDsTest" name="getBookingIDsWithoutFilterTest" time="1.946"/>
</testsuite> <!-- Default test -->
