<?xml version="1.0" encoding="UTF-8"?>
<testng-results ignored="0" total="1" passed="1" failed="0" skipped="0">
  <reporter-output>
  </reporter-output>
  <suite started-at="2023-11-11T14:22:50 IST" name="Default suite" finished-at="2023-11-11T14:22:57 IST" duration-ms="6607">
    <groups>
    </groups>
    <test started-at="2023-11-11T14:22:50 IST" name="Default test" finished-at="2023-11-11T14:22:57 IST" duration-ms="6607">
      <class name="com.suresh.restfulbooker.DeleteBookingTest">
        <test-method signature="deleteBookingTest()[pri:0, instance:com.suresh.restfulbooker.DeleteBookingTest@505fc5a4]" started-at="2023-11-11T14:22:50 IST" name="deleteBookingTest" finished-at="2023-11-11T14:22:57 IST" duration-ms="6592" status="PASS">
          <reporter-output>
          </reporter-output>
        </test-method> <!-- deleteBookingTest -->
      </class> <!-- com.suresh.restfulbooker.DeleteBookingTest -->
    </test> <!-- Default test -->
  </suite> <!-- Default suite -->
</testng-results>
