<?xml version="1.0" encoding="UTF-8"?>
<testng-results ignored="0" total="2" passed="2" failed="0" skipped="0">
  <reporter-output>
  </reporter-output>
  <suite started-at="2023-11-18T12:51:52 IST" name="Default suite" finished-at="2023-11-18T12:51:56 IST" duration-ms="3956">
    <groups>
    </groups>
    <test started-at="2023-11-18T12:51:52 IST" name="Default test" finished-at="2023-11-18T12:51:56 IST" duration-ms="3956">
      <class name="com.suresh.restfulbooker.GetBookingIDsTest">
        <test-method is-config="true" signature="setUp()[pri:0, instance:com.suresh.restfulbooker.GetBookingIDsTest@7133da86]" started-at="2023-11-18T12:51:52 IST" name="setUp" finished-at="2023-11-18T12:51:52 IST" duration-ms="163" status="PASS">
          <reporter-output>
          </reporter-output>
        </test-method> <!-- setUp -->
        <test-method signature="getBookingIDsWithFilterTest()[pri:0, instance:com.suresh.restfulbooker.GetBookingIDsTest@7133da86]" started-at="2023-11-18T12:51:52 IST" name="getBookingIDsWithFilterTest" finished-at="2023-11-18T12:51:54 IST" duration-ms="1831" status="PASS">
          <reporter-output>
          </reporter-output>
        </test-method> <!-- getBookingIDsWithFilterTest -->
        <test-method is-config="true" signature="setUp()[pri:0, instance:com.suresh.restfulbooker.GetBookingIDsTest@7133da86]" started-at="2023-11-18T12:51:54 IST" name="setUp" finished-at="2023-11-18T12:51:54 IST" duration-ms="1" status="PASS">
          <reporter-output>
          </reporter-output>
        </test-method> <!-- setUp -->
        <test-method signature="getBookingIDsWithoutFilterTest()[pri:0, instance:com.suresh.restfulbooker.GetBookingIDsTest@7133da86]" started-at="2023-11-18T12:51:54 IST" name="getBookingIDsWithoutFilterTest" finished-at="2023-11-18T12:51:56 IST" duration-ms="1946" status="PASS">
          <reporter-output>
          </reporter-output>
        </test-method> <!-- getBookingIDsWithoutFilterTest -->
      </class> <!-- com.suresh.restfulbooker.GetBookingIDsTest -->
    </test> <!-- Default test -->
  </suite> <!-- Default suite -->
</testng-results>
